2026.02.27 08:37:10 INFO  Started: Metals version 1.6.5 in folders 'C:\Users\joses\OneDrive\Desktop\estructura de datos\Hoja de trabajo 4\Hoja-de-trabajo-4-algoritmos' for client Visual Studio Code 1.109.5.
2026.02.27 08:37:10 INFO  Memory monitor started
2026.02.27 08:37:11 WARN  Using H2 2.4.240 which is newer than the version Flyway has been verified with. The latest verified version of H2 is 2.3.232.
2026.02.27 08:37:11 INFO  no build target found for C:\Users\joses\OneDrive\Desktop\estructura de datos\Hoja de trabajo 4\Hoja-de-trabajo-4-algoritmos\PostfixEvaluator.java. Using fallback presentation compiler.
Feb 27, 2026 8:37:12 AM org.eclipse.lsp4j.jsonrpc.RemoteEndpoint handleCancellation
WARNING: Unmatched cancel notification for request id 2
Feb 27, 2026 8:37:12 AM org.eclipse.lsp4j.jsonrpc.RemoteEndpoint handleCancellation
WARNING: Unmatched cancel notification for request id 1
2026.02.27 08:37:12 INFO  no build target found for C:\Users\joses\OneDrive\Desktop\estructura de datos\Hoja de trabajo 4\Hoja-de-trabajo-4-algoritmos\PostfixEvaluator.java. Using fallback presentation compiler.
2026.02.27 08:37:12 INFO  no build target found for C:\Users\joses\OneDrive\Desktop\estructura de datos\Hoja de trabajo 4\Hoja-de-trabajo-4-algoritmos\Main.java. Using fallback presentation compiler.
2026.02.27 08:37:13 WARN  no build tool detected in workspace 'C:\Users\joses\OneDrive\Desktop\estructura de datos\Hoja de trabajo 4\Hoja-de-trabajo-4-algoritmos'. The most common cause for this problem is that the editor was opened in the wrong working directory, for example if you use sbt then the workspace directory should contain build.sbt. 
2026.02.27 08:37:13 WARN  Build server is not auto-connectable.
2026.02.27 08:37:13 INFO  no build target found for C:\Users\joses\OneDrive\Desktop\estructura de datos\Hoja de trabajo 4\Hoja-de-trabajo-4-algoritmos\Main.java. Using fallback presentation compiler.
2026.02.27 08:37:12 INFO  no build target found for C:\Users\joses\OneDrive\Desktop\estructura de datos\Hoja de trabajo 4\Hoja-de-trabajo-4-algoritmos\Main.java. Using fallback presentation compiler.
Feb 27, 2026 8:37:13 AM org.eclipse.lsp4j.jsonrpc.RemoteEndpoint handleCancellation
WARNING: Unmatched cancel notification for request id 6
Feb 27, 2026 8:37:13 AM org.eclipse.lsp4j.jsonrpc.RemoteEndpoint handleCancellation
WARNING: Unmatched cancel notification for request id 9
Feb 27, 2026 8:37:13 AM org.eclipse.lsp4j.jsonrpc.RemoteEndpoint handleCancellation
WARNING: Unmatched cancel notification for request id 13
2026.02.27 08:37:12 INFO  no build target found for C:\Users\joses\OneDrive\Desktop\estructura de datos\Hoja de trabajo 4\Hoja-de-trabajo-4-algoritmos\Main.java. Using fallback presentation compiler.
2026.02.27 08:37:13 WARN  no build target for: C:\Users\joses\OneDrive\Desktop\estructura de datos\Hoja de trabajo 4\Hoja-de-trabajo-4-algoritmos\Main.java
2026.02.27 08:37:13 WARN  no build target for: C:\Users\joses\OneDrive\Desktop\estructura de datos\Hoja de trabajo 4\Hoja-de-trabajo-4-algoritmos\PostfixEvaluator.java
2026.02.27 08:37:14 WARN  Running javac-semanticdb failed for file:///C:/Users/joses/OneDrive/Desktop/estructura%20de%20datos/Hoja%20de%20trabajo%204/Hoja-de-trabajo-4-algoritmos/PostfixEvaluator.java. Output:

2026.02.27 08:37:14 WARN  no build target for: C:\Users\joses\OneDrive\Desktop\estructura de datos\Hoja de trabajo 4\Hoja-de-trabajo-4-algoritmos\PostfixEvaluator.java
2026.02.27 08:37:14 INFO  no build target found for C:\Users\joses\OneDrive\Desktop\estructura de datos\Hoja de trabajo 4\Hoja-de-trabajo-4-algoritmos\PostfixEvaluator.java. Using fallback presentation compiler.
2026.02.27 08:37:14 INFO  no build target found for C:\Users\joses\OneDrive\Desktop\estructura de datos\Hoja de trabajo 4\Hoja-de-trabajo-4-algoritmos\PostfixEvaluator.java. Using fallback presentation compiler.
2026.02.27 08:37:14 INFO  no build target found for C:\Users\joses\OneDrive\Desktop\estructura de datos\Hoja de trabajo 4\Hoja-de-trabajo-4-algoritmos\PostfixEvaluator.java. Using fallback presentation compiler.
2026.02.27 08:37:14 INFO  no build target found for C:\Users\joses\OneDrive\Desktop\estructura de datos\Hoja de trabajo 4\Hoja-de-trabajo-4-algoritmos\PostfixEvaluator.java. Using fallback presentation compiler.
2026.02.27 08:37:14 WARN  Running javac-semanticdb failed for file:///C:/Users/joses/OneDrive/Desktop/estructura%20de%20datos/Hoja%20de%20trabajo%204/Hoja-de-trabajo-4-algoritmos/Main.java. Output:

2026.02.27 08:37:14 INFO  time: code lens generation in 1.28s
2026.02.27 08:37:14 INFO  time: code lens generation in 1.26s
2026.02.27 08:37:14 INFO  no build target found for C:\Users\joses\OneDrive\Desktop\estructura de datos\Hoja de trabajo 4\Hoja-de-trabajo-4-algoritmos\PostfixEvaluator.java. Using fallback presentation compiler.
2026.02.27 08:37:15 INFO  no build target found for C:\Users\joses\OneDrive\Desktop\estructura de datos\Hoja de trabajo 4\Hoja-de-trabajo-4-algoritmos\PostfixEvaluator.java. Using fallback presentation compiler.
2026.02.27 08:37:15 INFO  no build target found for C:\Users\joses\OneDrive\Desktop\estructura de datos\Hoja de trabajo 4\Hoja-de-trabajo-4-algoritmos\PostfixEvaluator.java. Using fallback presentation compiler.
2026.02.27 08:37:15 INFO  no build target found for C:\Users\joses\OneDrive\Desktop\estructura de datos\Hoja de trabajo 4\Hoja-de-trabajo-4-algoritmos\PostfixEvaluator.java. Using fallback presentation compiler.
2026.02.27 08:37:16 WARN  no build target for: C:\Users\joses\OneDrive\Desktop\estructura de datos\Hoja de trabajo 4\Hoja-de-trabajo-4-algoritmos\SinglyLinkedList.java
2026.02.27 08:37:15 INFO  no build target found for C:\Users\joses\OneDrive\Desktop\estructura de datos\Hoja de trabajo 4\Hoja-de-trabajo-4-algoritmos\SinglyLinkedList.java. Using fallback presentation compiler.
2026.02.27 08:37:15 WARN  Running javac-semanticdb failed for file:///C:/Users/joses/OneDrive/Desktop/estructura%20de%20datos/Hoja%20de%20trabajo%204/Hoja-de-trabajo-4-algoritmos/SinglyLinkedList.java. Output:

2026.02.27 08:37:15 INFO  no build target found for C:\Users\joses\OneDrive\Desktop\estructura de datos\Hoja de trabajo 4\Hoja-de-trabajo-4-algoritmos\SinglyLinkedList.java. Using fallback presentation compiler.
2026.02.27 08:37:16 INFO  no build target found for C:\Users\joses\OneDrive\Desktop\estructura de datos\Hoja de trabajo 4\Hoja-de-trabajo-4-algoritmos\SinglyLinkedList.java. Using fallback presentation compiler.
2026.02.27 08:37:16 INFO  no build target found for C:\Users\joses\OneDrive\Desktop\estructura de datos\Hoja de trabajo 4\Hoja-de-trabajo-4-algoritmos\SinglyLinkedList.java. Using fallback presentation compiler.
2026.02.27 08:37:16 WARN  no build target for: C:\Users\joses\OneDrive\Desktop\estructura de datos\Hoja de trabajo 4\Hoja-de-trabajo-4-algoritmos\StackArrayList.java
2026.02.27 08:37:16 INFO  no build target found for C:\Users\joses\OneDrive\Desktop\estructura de datos\Hoja de trabajo 4\Hoja-de-trabajo-4-algoritmos\StackArrayList.java. Using fallback presentation compiler.
2026.02.27 08:37:17 INFO  no build target found for C:\Users\joses\OneDrive\Desktop\estructura de datos\Hoja de trabajo 4\Hoja-de-trabajo-4-algoritmos\StackArrayList.java. Using fallback presentation compiler.
2026.02.27 08:37:17 WARN  Running javac-semanticdb failed for file:///C:/Users/joses/OneDrive/Desktop/estructura%20de%20datos/Hoja%20de%20trabajo%204/Hoja-de-trabajo-4-algoritmos/StackArrayList.java. Output:

2026.02.27 08:37:17 INFO  no build target found for C:\Users\joses\OneDrive\Desktop\estructura de datos\Hoja de trabajo 4\Hoja-de-trabajo-4-algoritmos\StackArrayList.java. Using fallback presentation compiler.
2026.02.27 08:37:16 INFO  no build target found for C:\Users\joses\OneDrive\Desktop\estructura de datos\Hoja de trabajo 4\Hoja-de-trabajo-4-algoritmos\StackArrayList.java. Using fallback presentation compiler.
2026.02.27 08:37:17 WARN  no build target for: C:\Users\joses\OneDrive\Desktop\estructura de datos\Hoja de trabajo 4\Hoja-de-trabajo-4-algoritmos\StackFactory.java
2026.02.27 08:37:17 INFO  no build target found for C:\Users\joses\OneDrive\Desktop\estructura de datos\Hoja de trabajo 4\Hoja-de-trabajo-4-algoritmos\StackFactory.java. Using fallback presentation compiler.
C:\Users\joses\OneDrive\Desktop\estructura de datos\Hoja de trabajo 4\Hoja-de-trabajo-4-algoritmos\StackFactory.java:13: error: unmappable character (0x90) for encoding windows-1252
    public static IStack createStack() {   // â†? quitamos <T>
                                                ^
2026.02.27 08:37:17 INFO  no build target found for C:\Users\joses\OneDrive\Desktop\estructura de datos\Hoja de trabajo 4\Hoja-de-trabajo-4-algoritmos\StackFactory.java. Using fallback presentation compiler.
2026.02.27 08:37:17 WARN  Running javac-semanticdb failed for file:///C:/Users/joses/OneDrive/Desktop/estructura%20de%20datos/Hoja%20de%20trabajo%204/Hoja-de-trabajo-4-algoritmos/StackFactory.java. Output:

2026.02.27 08:37:18 INFO  no build target found for C:\Users\joses\OneDrive\Desktop\estructura de datos\Hoja de trabajo 4\Hoja-de-trabajo-4-algoritmos\StackFactory.java. Using fallback presentation compiler.
2026.02.27 08:37:19 INFO  no build target found for C:\Users\joses\OneDrive\Desktop\estructura de datos\Hoja de trabajo 4\Hoja-de-trabajo-4-algoritmos\StackFactory.java. Using fallback presentation compiler.
2026.02.27 08:37:19 INFO  no build target found for C:\Users\joses\OneDrive\Desktop\estructura de datos\Hoja de trabajo 4\Hoja-de-trabajo-4-algoritmos\StackFactory.java. Using fallback presentation compiler.
2026.02.27 08:37:19 WARN  no build target for: C:\Users\joses\OneDrive\Desktop\estructura de datos\Hoja de trabajo 4\Hoja-de-trabajo-4-algoritmos\DoublyLinkedList.java
2026.02.27 08:37:19 INFO  no build target found for C:\Users\joses\OneDrive\Desktop\estructura de datos\Hoja de trabajo 4\Hoja-de-trabajo-4-algoritmos\DoublyLinkedList.java. Using fallback presentation compiler.
2026.02.27 08:37:19 WARN  Running javac-semanticdb failed for file:///C:/Users/joses/OneDrive/Desktop/estructura%20de%20datos/Hoja%20de%20trabajo%204/Hoja-de-trabajo-4-algoritmos/DoublyLinkedList.java. Output:

2026.02.27 08:37:19 INFO  no build target found for C:\Users\joses\OneDrive\Desktop\estructura de datos\Hoja de trabajo 4\Hoja-de-trabajo-4-algoritmos\DoublyLinkedList.java. Using fallback presentation compiler.
2026.02.27 08:37:19 INFO  no build target found for C:\Users\joses\OneDrive\Desktop\estructura de datos\Hoja de trabajo 4\Hoja-de-trabajo-4-algoritmos\DoublyLinkedList.java. Using fallback presentation compiler.
2026.02.27 08:37:20 INFO  no build target found for C:\Users\joses\OneDrive\Desktop\estructura de datos\Hoja de trabajo 4\Hoja-de-trabajo-4-algoritmos\DoublyLinkedList.java. Using fallback presentation compiler.
2026.02.27 08:37:20 INFO  no build target found for C:\Users\joses\OneDrive\Desktop\estructura de datos\Hoja de trabajo 4\Hoja-de-trabajo-4-algoritmos\DoublyLinkedList.java. Using fallback presentation compiler.
2026.02.27 08:37:20 INFO  no build target found for C:\Users\joses\OneDrive\Desktop\estructura de datos\Hoja de trabajo 4\Hoja-de-trabajo-4-algoritmos\DoublyLinkedList.java. Using fallback presentation compiler.
2026.02.27 08:37:21 INFO  no build target found for C:\Users\joses\OneDrive\Desktop\estructura de datos\Hoja de trabajo 4\Hoja-de-trabajo-4-algoritmos\DoublyLinkedList.java. Using fallback presentation compiler.
2026.02.27 08:37:21 INFO  no build target found for C:\Users\joses\OneDrive\Desktop\estructura de datos\Hoja de trabajo 4\Hoja-de-trabajo-4-algoritmos\DoublyLinkedList.java. Using fallback presentation compiler.
2026.02.27 08:37:22 INFO  no build target found for C:\Users\joses\OneDrive\Desktop\estructura de datos\Hoja de trabajo 4\Hoja-de-trabajo-4-algoritmos\DoublyLinkedList.java. Using fallback presentation compiler.
2026.02.27 08:37:24 WARN  no build target for: C:\Users\joses\OneDrive\Desktop\estructura de datos\Hoja de trabajo 4\Hoja-de-trabajo-4-algoritmos\ExpressionConverter.java
2026.02.27 08:37:24 INFO  no build target found for C:\Users\joses\OneDrive\Desktop\estructura de datos\Hoja de trabajo 4\Hoja-de-trabajo-4-algoritmos\ExpressionConverter.java. Using fallback presentation compiler.
2026.02.27 08:37:24 INFO  no build target found for C:\Users\joses\OneDrive\Desktop\estructura de datos\Hoja de trabajo 4\Hoja-de-trabajo-4-algoritmos\ExpressionConverter.java. Using fallback presentation compiler.
2026.02.27 08:37:24 WARN  Running javac-semanticdb failed for file:///C:/Users/joses/OneDrive/Desktop/estructura%20de%20datos/Hoja%20de%20trabajo%204/Hoja-de-trabajo-4-algoritmos/ExpressionConverter.java. Output:

2026.02.27 08:37:24 INFO  no build target found for C:\Users\joses\OneDrive\Desktop\estructura de datos\Hoja de trabajo 4\Hoja-de-trabajo-4-algoritmos\ExpressionConverter.java. Using fallback presentation compiler.
2026.02.27 08:37:25 INFO  no build target found for C:\Users\joses\OneDrive\Desktop\estructura de datos\Hoja de trabajo 4\Hoja-de-trabajo-4-algoritmos\ExpressionConverter.java. Using fallback presentation compiler.
2026.02.27 08:37:24 INFO  no build target found for C:\Users\joses\OneDrive\Desktop\estructura de datos\Hoja de trabajo 4\Hoja-de-trabajo-4-algoritmos\ExpressionConverter.java. Using fallback presentation compiler.
2026.02.27 08:37:26 INFO  no build target found for C:\Users\joses\OneDrive\Desktop\estructura de datos\Hoja de trabajo 4\Hoja-de-trabajo-4-algoritmos\ExpressionConverter.java. Using fallback presentation compiler.
2026.02.27 08:37:27 WARN  no build target for: C:\Users\joses\OneDrive\Desktop\estructura de datos\Hoja de trabajo 4\Hoja-de-trabajo-4-algoritmos\IList.java
2026.02.27 08:37:27 INFO  no build target found for C:\Users\joses\OneDrive\Desktop\estructura de datos\Hoja de trabajo 4\Hoja-de-trabajo-4-algoritmos\IList.java. Using fallback presentation compiler.
2026.02.27 08:37:27 WARN  Running javac-semanticdb failed for file:///C:/Users/joses/OneDrive/Desktop/estructura%20de%20datos/Hoja%20de%20trabajo%204/Hoja-de-trabajo-4-algoritmos/IList.java. Output:

2026.02.27 08:37:27 INFO  no build target found for C:\Users\joses\OneDrive\Desktop\estructura de datos\Hoja de trabajo 4\Hoja-de-trabajo-4-algoritmos\IList.java. Using fallback presentation compiler.
2026.02.27 08:37:27 INFO  no build target found for C:\Users\joses\OneDrive\Desktop\estructura de datos\Hoja de trabajo 4\Hoja-de-trabajo-4-algoritmos\IList.java. Using fallback presentation compiler.
2026.02.27 08:37:27 INFO  no build target found for C:\Users\joses\OneDrive\Desktop\estructura de datos\Hoja de trabajo 4\Hoja-de-trabajo-4-algoritmos\IList.java. Using fallback presentation compiler.
2026.02.27 08:37:28 INFO  no build target found for C:\Users\joses\OneDrive\Desktop\estructura de datos\Hoja de trabajo 4\Hoja-de-trabajo-4-algoritmos\IList.java. Using fallback presentation compiler.
2026.02.27 08:37:29 WARN  no build target for: C:\Users\joses\OneDrive\Desktop\estructura de datos\Hoja de trabajo 4\Hoja-de-trabajo-4-algoritmos\IStack.java
2026.02.27 08:37:29 INFO  no build target found for C:\Users\joses\OneDrive\Desktop\estructura de datos\Hoja de trabajo 4\Hoja-de-trabajo-4-algoritmos\IStack.java. Using fallback presentation compiler.
2026.02.27 08:37:28 WARN  Running javac-semanticdb failed for file:///C:/Users/joses/OneDrive/Desktop/estructura%20de%20datos/Hoja%20de%20trabajo%204/Hoja-de-trabajo-4-algoritmos/IStack.java. Output:

2026.02.27 08:37:29 INFO  no build target found for C:\Users\joses\OneDrive\Desktop\estructura de datos\Hoja de trabajo 4\Hoja-de-trabajo-4-algoritmos\IStack.java. Using fallback presentation compiler.
2026.02.27 08:37:30 WARN  no build target for: C:\Users\joses\OneDrive\Desktop\estructura de datos\Hoja de trabajo 4\Hoja-de-trabajo-4-algoritmos\Main.java
2026.02.27 08:37:30 INFO  no build target found for C:\Users\joses\OneDrive\Desktop\estructura de datos\Hoja de trabajo 4\Hoja-de-trabajo-4-algoritmos\Main.java. Using fallback presentation compiler.
2026.02.27 08:37:30 INFO  no build target found for C:\Users\joses\OneDrive\Desktop\estructura de datos\Hoja de trabajo 4\Hoja-de-trabajo-4-algoritmos\Main.java. Using fallback presentation compiler.
2026.02.27 08:37:30 INFO  no build target found for C:\Users\joses\OneDrive\Desktop\estructura de datos\Hoja de trabajo 4\Hoja-de-trabajo-4-algoritmos\Main.java. Using fallback presentation compiler.
2026.02.27 08:37:31 WARN  no build target for: C:\Users\joses\OneDrive\Desktop\estructura de datos\Hoja de trabajo 4\Hoja-de-trabajo-4-algoritmos\PostfixEvaluator.java
2026.02.27 08:37:31 INFO  no build target found for C:\Users\joses\OneDrive\Desktop\estructura de datos\Hoja de trabajo 4\Hoja-de-trabajo-4-algoritmos\PostfixEvaluator.java. Using fallback presentation compiler.
2026.02.27 08:37:31 INFO  no build target found for C:\Users\joses\OneDrive\Desktop\estructura de datos\Hoja de trabajo 4\Hoja-de-trabajo-4-algoritmos\PostfixEvaluator.java. Using fallback presentation compiler.
2026.02.27 08:37:31 WARN  Running javac-semanticdb failed for file:///C:/Users/joses/OneDrive/Desktop/estructura%20de%20datos/Hoja%20de%20trabajo%204/Hoja-de-trabajo-4-algoritmos/PostfixEvaluator.java. Output:

2026.02.27 08:37:32 INFO  no build target found for C:\Users\joses\OneDrive\Desktop\estructura de datos\Hoja de trabajo 4\Hoja-de-trabajo-4-algoritmos\PostfixEvaluator.java. Using fallback presentation compiler.
2026.02.27 08:37:32 INFO  no build target found for C:\Users\joses\OneDrive\Desktop\estructura de datos\Hoja de trabajo 4\Hoja-de-trabajo-4-algoritmos\PostfixEvaluator.java. Using fallback presentation compiler.
2026.02.27 08:37:35 WARN  no build target for: C:\Users\joses\OneDrive\Desktop\estructura de datos\Hoja de trabajo 4\Hoja-de-trabajo-4-algoritmos\PostfixEvaluator.java
2026.02.27 08:37:35 INFO  no build target found for C:\Users\joses\OneDrive\Desktop\estructura de datos\Hoja de trabajo 4\Hoja-de-trabajo-4-algoritmos\PostfixEvaluator.java. Using fallback presentation compiler.
2026.02.27 08:37:35 INFO  no build target found for C:\Users\joses\OneDrive\Desktop\estructura de datos\Hoja de trabajo 4\Hoja-de-trabajo-4-algoritmos\PostfixEvaluator.java. Using fallback presentation compiler.
2026.02.27 08:37:37 WARN  no build target for: C:\Users\joses\OneDrive\Desktop\estructura de datos\Hoja de trabajo 4\Hoja-de-trabajo-4-algoritmos\SinglyLinkedList.java
2026.02.27 08:37:37 INFO  no build target found for C:\Users\joses\OneDrive\Desktop\estructura de datos\Hoja de trabajo 4\Hoja-de-trabajo-4-algoritmos\SinglyLinkedList.java. Using fallback presentation compiler.
2026.02.27 08:37:37 INFO  no build target found for C:\Users\joses\OneDrive\Desktop\estructura de datos\Hoja de trabajo 4\Hoja-de-trabajo-4-algoritmos\SinglyLinkedList.java. Using fallback presentation compiler.
2026.02.27 08:37:37 WARN  Running javac-semanticdb failed for file:///C:/Users/joses/OneDrive/Desktop/estructura%20de%20datos/Hoja%20de%20trabajo%204/Hoja-de-trabajo-4-algoritmos/SinglyLinkedList.java. Output:

2026.02.27 08:37:37 INFO  no build target found for C:\Users\joses\OneDrive\Desktop\estructura de datos\Hoja de trabajo 4\Hoja-de-trabajo-4-algoritmos\SinglyLinkedList.java. Using fallback presentation compiler.
2026.02.27 08:37:37 INFO  no build target found for C:\Users\joses\OneDrive\Desktop\estructura de datos\Hoja de trabajo 4\Hoja-de-trabajo-4-algoritmos\SinglyLinkedList.java. Using fallback presentation compiler.
2026.02.27 08:37:38 WARN  no build target for: C:\Users\joses\OneDrive\Desktop\estructura de datos\Hoja de trabajo 4\Hoja-de-trabajo-4-algoritmos\StackArrayList.java
2026.02.27 08:37:38 INFO  no build target found for C:\Users\joses\OneDrive\Desktop\estructura de datos\Hoja de trabajo 4\Hoja-de-trabajo-4-algoritmos\StackArrayList.java. Using fallback presentation compiler.
2026.02.27 08:37:38 INFO  no build target found for C:\Users\joses\OneDrive\Desktop\estructura de datos\Hoja de trabajo 4\Hoja-de-trabajo-4-algoritmos\StackArrayList.java. Using fallback presentation compiler.
2026.02.27 08:37:38 WARN  Running javac-semanticdb failed for file:///C:/Users/joses/OneDrive/Desktop/estructura%20de%20datos/Hoja%20de%20trabajo%204/Hoja-de-trabajo-4-algoritmos/StackArrayList.java. Output:

2026.02.27 08:37:39 INFO  no build target found for C:\Users\joses\OneDrive\Desktop\estructura de datos\Hoja de trabajo 4\Hoja-de-trabajo-4-algoritmos\StackArrayList.java. Using fallback presentation compiler.
2026.02.27 08:37:38 INFO  no build target found for C:\Users\joses\OneDrive\Desktop\estructura de datos\Hoja de trabajo 4\Hoja-de-trabajo-4-algoritmos\StackArrayList.java. Using fallback presentation compiler.
2026.02.27 08:37:39 INFO  no build target found for C:\Users\joses\OneDrive\Desktop\estructura de datos\Hoja de trabajo 4\Hoja-de-trabajo-4-algoritmos\StackArrayList.java. Using fallback presentation compiler.
2026.02.27 08:37:40 WARN  no build target for: C:\Users\joses\OneDrive\Desktop\estructura de datos\Hoja de trabajo 4\Hoja-de-trabajo-4-algoritmos\StackFactory.java
2026.02.27 08:37:39 INFO  no build target found for C:\Users\joses\OneDrive\Desktop\estructura de datos\Hoja de trabajo 4\Hoja-de-trabajo-4-algoritmos\StackFactory.java. Using fallback presentation compiler.
C:\Users\joses\OneDrive\Desktop\estructura de datos\Hoja de trabajo 4\Hoja-de-trabajo-4-algoritmos\StackFactory.java:13: error: unmappable character (0x90) for encoding windows-1252
    public static IStack createStack() {   // â†? quitamos <T>
                                                ^
2026.02.27 08:37:40 INFO  no build target found for C:\Users\joses\OneDrive\Desktop\estructura de datos\Hoja de trabajo 4\Hoja-de-trabajo-4-algoritmos\StackFactory.java. Using fallback presentation compiler.
2026.02.27 08:37:40 WARN  Running javac-semanticdb failed for file:///C:/Users/joses/OneDrive/Desktop/estructura%20de%20datos/Hoja%20de%20trabajo%204/Hoja-de-trabajo-4-algoritmos/StackFactory.java. Output:

2026.02.27 08:37:40 INFO  no build target found for C:\Users\joses\OneDrive\Desktop\estructura de datos\Hoja de trabajo 4\Hoja-de-trabajo-4-algoritmos\StackFactory.java. Using fallback presentation compiler.
2026.02.27 08:37:39 INFO  no build target found for C:\Users\joses\OneDrive\Desktop\estructura de datos\Hoja de trabajo 4\Hoja-de-trabajo-4-algoritmos\StackFactory.java. Using fallback presentation compiler.
2026.02.27 08:37:41 INFO  no build target found for C:\Users\joses\OneDrive\Desktop\estructura de datos\Hoja de trabajo 4\Hoja-de-trabajo-4-algoritmos\StackFactory.java. Using fallback presentation compiler.
2026.02.27 08:37:41 INFO  no build target found for C:\Users\joses\OneDrive\Desktop\estructura de datos\Hoja de trabajo 4\Hoja-de-trabajo-4-algoritmos\StackFactory.java. Using fallback presentation compiler.
2026.02.27 08:37:41 INFO  no build target found for C:\Users\joses\OneDrive\Desktop\estructura de datos\Hoja de trabajo 4\Hoja-de-trabajo-4-algoritmos\StackFactory.java. Using fallback presentation compiler.
2026.02.27 08:37:41 INFO  no build target found for C:\Users\joses\OneDrive\Desktop\estructura de datos\Hoja de trabajo 4\Hoja-de-trabajo-4-algoritmos\StackFactory.java. Using fallback presentation compiler.
Feb 27, 2026 8:37:41 AM org.eclipse.lsp4j.jsonrpc.RemoteEndpoint handleCancellation
WARNING: Unmatched cancel notification for request id 150
Feb 27, 2026 8:37:41 AM org.eclipse.lsp4j.jsonrpc.RemoteEndpoint handleCancellation
WARNING: Unmatched cancel notification for request id 151
Feb 27, 2026 8:37:41 AM org.eclipse.lsp4j.jsonrpc.RemoteEndpoint handleCancellation
WARNING: Unmatched cancel notification for request id 152
2026.02.27 08:37:41 INFO  no build target found for C:\Users\joses\OneDrive\Desktop\estructura de datos\Hoja de trabajo 4\Hoja-de-trabajo-4-algoritmos\StackFactory.java. Using fallback presentation compiler.
2026.02.27 08:37:41 INFO  no build target found for C:\Users\joses\OneDrive\Desktop\estructura de datos\Hoja de trabajo 4\Hoja-de-trabajo-4-algoritmos\StackFactory.java. Using fallback presentation compiler.
2026.02.27 08:37:42 WARN  no build target for: C:\Users\joses\OneDrive\Desktop\estructura de datos\Hoja de trabajo 4\Hoja-de-trabajo-4-algoritmos\StackList.java
2026.02.27 08:37:42 INFO  no build target found for C:\Users\joses\OneDrive\Desktop\estructura de datos\Hoja de trabajo 4\Hoja-de-trabajo-4-algoritmos\StackList.java. Using fallback presentation compiler.
2026.02.27 08:37:43 INFO  no build target found for C:\Users\joses\OneDrive\Desktop\estructura de datos\Hoja de trabajo 4\Hoja-de-trabajo-4-algoritmos\StackList.java. Using fallback presentation compiler.
2026.02.27 08:37:43 WARN  Running javac-semanticdb failed for file:///C:/Users/joses/OneDrive/Desktop/estructura%20de%20datos/Hoja%20de%20trabajo%204/Hoja-de-trabajo-4-algoritmos/StackList.java. Output:

2026.02.27 08:37:42 INFO  no build target found for C:\Users\joses\OneDrive\Desktop\estructura de datos\Hoja de trabajo 4\Hoja-de-trabajo-4-algoritmos\StackList.java. Using fallback presentation compiler.
2026.02.27 08:37:44 INFO  no build target found for C:\Users\joses\OneDrive\Desktop\estructura de datos\Hoja de trabajo 4\Hoja-de-trabajo-4-algoritmos\StackList.java. Using fallback presentation compiler.
2026.02.27 08:37:45 WARN  no build target for: C:\Users\joses\OneDrive\Desktop\estructura de datos\Hoja de trabajo 4\Hoja-de-trabajo-4-algoritmos\StackVector.java
2026.02.27 08:37:44 INFO  no build target found for C:\Users\joses\OneDrive\Desktop\estructura de datos\Hoja de trabajo 4\Hoja-de-trabajo-4-algoritmos\StackVector.java. Using fallback presentation compiler.
2026.02.27 08:37:45 INFO  no build target found for C:\Users\joses\OneDrive\Desktop\estructura de datos\Hoja de trabajo 4\Hoja-de-trabajo-4-algoritmos\StackVector.java. Using fallback presentation compiler.
2026.02.27 08:37:45 WARN  Running javac-semanticdb failed for file:///C:/Users/joses/OneDrive/Desktop/estructura%20de%20datos/Hoja%20de%20trabajo%204/Hoja-de-trabajo-4-algoritmos/StackVector.java. Output:

2026.02.27 08:37:46 INFO  no build target found for C:\Users\joses\OneDrive\Desktop\estructura de datos\Hoja de trabajo 4\Hoja-de-trabajo-4-algoritmos\StackVector.java. Using fallback presentation compiler.
2026.02.27 08:37:46 INFO  no build target found for C:\Users\joses\OneDrive\Desktop\estructura de datos\Hoja de trabajo 4\Hoja-de-trabajo-4-algoritmos\StackVector.java. Using fallback presentation compiler.
2026.02.27 08:37:47 WARN  no build target for: C:\Users\joses\OneDrive\Desktop\estructura de datos\Hoja de trabajo 4\Hoja-de-trabajo-4-algoritmos\ExpressionConverter.java
2026.02.27 08:37:47 INFO  no build target found for C:\Users\joses\OneDrive\Desktop\estructura de datos\Hoja de trabajo 4\Hoja-de-trabajo-4-algoritmos\ExpressionConverter.java. Using fallback presentation compiler.
2026.02.27 08:37:47 INFO  no build target found for C:\Users\joses\OneDrive\Desktop\estructura de datos\Hoja de trabajo 4\Hoja-de-trabajo-4-algoritmos\ExpressionConverter.java. Using fallback presentation compiler.
2026.02.27 08:37:47 INFO  no build target found for C:\Users\joses\OneDrive\Desktop\estructura de datos\Hoja de trabajo 4\Hoja-de-trabajo-4-algoritmos\ExpressionConverter.java. Using fallback presentation compiler.
2026.02.27 08:37:50 WARN  no build target for: C:\Users\joses\OneDrive\Desktop\estructura de datos\Hoja de trabajo 4\Hoja-de-trabajo-4-algoritmos\AbstractStack.java
2026.02.27 08:37:50 INFO  no build target found for C:\Users\joses\OneDrive\Desktop\estructura de datos\Hoja de trabajo 4\Hoja-de-trabajo-4-algoritmos\AbstractStack.java. Using fallback presentation compiler.
2026.02.27 08:37:50 WARN  Running javac-semanticdb failed for file:///C:/Users/joses/OneDrive/Desktop/estructura%20de%20datos/Hoja%20de%20trabajo%204/Hoja-de-trabajo-4-algoritmos/AbstractStack.java. Output:

2026.02.27 08:37:50 INFO  no build target found for C:\Users\joses\OneDrive\Desktop\estructura de datos\Hoja de trabajo 4\Hoja-de-trabajo-4-algoritmos\AbstractStack.java. Using fallback presentation compiler.
2026.02.27 08:37:50 INFO  no build target found for C:\Users\joses\OneDrive\Desktop\estructura de datos\Hoja de trabajo 4\Hoja-de-trabajo-4-algoritmos\AbstractStack.java. Using fallback presentation compiler.
2026.02.27 08:37:51 WARN  no build target for: C:\Users\joses\OneDrive\Desktop\estructura de datos\Hoja de trabajo 4\Hoja-de-trabajo-4-algoritmos\AbstractList.java
2026.02.27 08:37:51 INFO  no build target found for C:\Users\joses\OneDrive\Desktop\estructura de datos\Hoja de trabajo 4\Hoja-de-trabajo-4-algoritmos\AbstractList.java. Using fallback presentation compiler.
2026.02.27 08:37:51 INFO  no build target found for C:\Users\joses\OneDrive\Desktop\estructura de datos\Hoja de trabajo 4\Hoja-de-trabajo-4-algoritmos\AbstractList.java. Using fallback presentation compiler.
2026.02.27 08:37:51 WARN  Running javac-semanticdb failed for file:///C:/Users/joses/OneDrive/Desktop/estructura%20de%20datos/Hoja%20de%20trabajo%204/Hoja-de-trabajo-4-algoritmos/AbstractList.java. Output:

2026.02.27 08:37:52 INFO  no build target found for C:\Users\joses\OneDrive\Desktop\estructura de datos\Hoja de trabajo 4\Hoja-de-trabajo-4-algoritmos\AbstractList.java. Using fallback presentation compiler.
2026.02.27 08:37:54 WARN  no build target for: C:\Users\joses\OneDrive\Desktop\estructura de datos\Hoja de trabajo 4\Hoja-de-trabajo-4-algoritmos\StackFactory.java
2026.02.27 08:37:54 INFO  no build target found for C:\Users\joses\OneDrive\Desktop\estructura de datos\Hoja de trabajo 4\Hoja-de-trabajo-4-algoritmos\StackFactory.java. Using fallback presentation compiler.
2026.02.27 08:37:54 INFO  no build target found for C:\Users\joses\OneDrive\Desktop\estructura de datos\Hoja de trabajo 4\Hoja-de-trabajo-4-algoritmos\StackFactory.java. Using fallback presentation compiler.
2026.02.27 08:37:54 INFO  no build target found for C:\Users\joses\OneDrive\Desktop\estructura de datos\Hoja de trabajo 4\Hoja-de-trabajo-4-algoritmos\StackFactory.java. Using fallback presentation compiler.
2026.02.27 08:37:55 WARN  no build target for: C:\Users\joses\OneDrive\Desktop\estructura de datos\Hoja de trabajo 4\Hoja-de-trabajo-4-algoritmos\ExpressionConverter.java
2026.02.27 08:37:55 INFO  no build target found for C:\Users\joses\OneDrive\Desktop\estructura de datos\Hoja de trabajo 4\Hoja-de-trabajo-4-algoritmos\ExpressionConverter.java. Using fallback presentation compiler.
2026.02.27 08:37:55 INFO  no build target found for C:\Users\joses\OneDrive\Desktop\estructura de datos\Hoja de trabajo 4\Hoja-de-trabajo-4-algoritmos\ExpressionConverter.java. Using fallback presentation compiler.
2026.02.27 08:37:55 INFO  no build target found for C:\Users\joses\OneDrive\Desktop\estructura de datos\Hoja de trabajo 4\Hoja-de-trabajo-4-algoritmos\ExpressionConverter.java. Using fallback presentation compiler.
2026.02.27 08:37:56 INFO  no build target found for C:\Users\joses\OneDrive\Desktop\estructura de datos\Hoja de trabajo 4\Hoja-de-trabajo-4-algoritmos\ExpressionConverter.java. Using fallback presentation compiler.
2026.02.27 08:37:56 INFO  no build target found for C:\Users\joses\OneDrive\Desktop\estructura de datos\Hoja de trabajo 4\Hoja-de-trabajo-4-algoritmos\ExpressionConverter.java. Using fallback presentation compiler.
2026.02.27 08:37:58 INFO  no build target found for C:\Users\joses\OneDrive\Desktop\estructura de datos\Hoja de trabajo 4\Hoja-de-trabajo-4-algoritmos\ExpressionConverter.java. Using fallback presentation compiler.
2026.02.27 08:37:58 INFO  no build target found for C:\Users\joses\OneDrive\Desktop\estructura de datos\Hoja de trabajo 4\Hoja-de-trabajo-4-algoritmos\ExpressionConverter.java. Using fallback presentation compiler.
2026.02.27 08:38:00 INFO  no build target found for C:\Users\joses\OneDrive\Desktop\estructura de datos\Hoja de trabajo 4\Hoja-de-trabajo-4-algoritmos\ExpressionConverter.java. Using fallback presentation compiler.
2026.02.27 08:38:00 INFO  no build target found for C:\Users\joses\OneDrive\Desktop\estructura de datos\Hoja de trabajo 4\Hoja-de-trabajo-4-algoritmos\ExpressionConverter.java. Using fallback presentation compiler.
2026.02.27 08:38:00 INFO  no build target found for C:\Users\joses\OneDrive\Desktop\estructura de datos\Hoja de trabajo 4\Hoja-de-trabajo-4-algoritmos\ExpressionConverter.java. Using fallback presentation compiler.
2026.02.27 08:38:01 INFO  no build target found for C:\Users\joses\OneDrive\Desktop\estructura de datos\Hoja de trabajo 4\Hoja-de-trabajo-4-algoritmos\ExpressionConverter.java. Using fallback presentation compiler.
2026.02.27 08:38:01 INFO  no build target found for C:\Users\joses\OneDrive\Desktop\estructura de datos\Hoja de trabajo 4\Hoja-de-trabajo-4-algoritmos\ExpressionConverter.java. Using fallback presentation compiler.
2026.02.27 08:38:01 INFO  no build target found for C:\Users\joses\OneDrive\Desktop\estructura de datos\Hoja de trabajo 4\Hoja-de-trabajo-4-algoritmos\ExpressionConverter.java. Using fallback presentation compiler.
2026.02.27 08:38:03 INFO  no build target found for C:\Users\joses\OneDrive\Desktop\estructura de datos\Hoja de trabajo 4\Hoja-de-trabajo-4-algoritmos\ExpressionConverter.java. Using fallback presentation compiler.
2026.02.27 08:38:03 INFO  no build target found for C:\Users\joses\OneDrive\Desktop\estructura de datos\Hoja de trabajo 4\Hoja-de-trabajo-4-algoritmos\ExpressionConverter.java. Using fallback presentation compiler.
2026.02.27 08:38:04 INFO  no build target found for C:\Users\joses\OneDrive\Desktop\estructura de datos\Hoja de trabajo 4\Hoja-de-trabajo-4-algoritmos\ExpressionConverter.java. Using fallback presentation compiler.
2026.02.27 08:38:04 INFO  no build target found for C:\Users\joses\OneDrive\Desktop\estructura de datos\Hoja de trabajo 4\Hoja-de-trabajo-4-algoritmos\ExpressionConverter.java. Using fallback presentation compiler.
2026.02.27 08:38:06 INFO  no build target found for C:\Users\joses\OneDrive\Desktop\estructura de datos\Hoja de trabajo 4\Hoja-de-trabajo-4-algoritmos\ExpressionConverter.java. Using fallback presentation compiler.
2026.02.27 08:38:06 INFO  no build target found for C:\Users\joses\OneDrive\Desktop\estructura de datos\Hoja de trabajo 4\Hoja-de-trabajo-4-algoritmos\ExpressionConverter.java. Using fallback presentation compiler.
2026.02.27 08:38:07 WARN  no build target for: C:\Users\joses\OneDrive\Desktop\estructura de datos\Hoja de trabajo 4\Hoja-de-trabajo-4-algoritmos\IList.java
2026.02.27 08:38:06 INFO  no build target found for C:\Users\joses\OneDrive\Desktop\estructura de datos\Hoja de trabajo 4\Hoja-de-trabajo-4-algoritmos\IList.java. Using fallback presentation compiler.
2026.02.27 08:38:07 INFO  no build target found for C:\Users\joses\OneDrive\Desktop\estructura de datos\Hoja de trabajo 4\Hoja-de-trabajo-4-algoritmos\IList.java. Using fallback presentation compiler.
2026.02.27 08:38:20 WARN  no build target for: C:\Users\joses\OneDrive\Desktop\estructura de datos\Hoja de trabajo 4\Hoja-de-trabajo-4-algoritmos\AbstractList.java
2026.02.27 08:38:20 INFO  no build target found for C:\Users\joses\OneDrive\Desktop\estructura de datos\Hoja de trabajo 4\Hoja-de-trabajo-4-algoritmos\AbstractList.java. Using fallback presentation compiler.
2026.02.27 08:38:20 INFO  no build target found for C:\Users\joses\OneDrive\Desktop\estructura de datos\Hoja de trabajo 4\Hoja-de-trabajo-4-algoritmos\AbstractList.java. Using fallback presentation compiler.
2026.02.27 08:38:31 WARN  no build target for: C:\Users\joses\OneDrive\Desktop\estructura de datos\Hoja de trabajo 4\Hoja-de-trabajo-4-algoritmos\ExpressionConverter.java
2026.02.27 08:38:31 INFO  no build target found for C:\Users\joses\OneDrive\Desktop\estructura de datos\Hoja de trabajo 4\Hoja-de-trabajo-4-algoritmos\ExpressionConverter.java. Using fallback presentation compiler.
2026.02.27 08:38:31 INFO  no build target found for C:\Users\joses\OneDrive\Desktop\estructura de datos\Hoja de trabajo 4\Hoja-de-trabajo-4-algoritmos\ExpressionConverter.java. Using fallback presentation compiler.
2026.02.27 08:38:31 INFO  no build target found for C:\Users\joses\OneDrive\Desktop\estructura de datos\Hoja de trabajo 4\Hoja-de-trabajo-4-algoritmos\ExpressionConverter.java. Using fallback presentation compiler.
2026.02.27 08:38:31 INFO  no build target found for C:\Users\joses\OneDrive\Desktop\estructura de datos\Hoja de trabajo 4\Hoja-de-trabajo-4-algoritmos\ExpressionConverter.java. Using fallback presentation compiler.
2026.02.27 08:38:32 WARN  no build target for: C:\Users\joses\OneDrive\Desktop\estructura de datos\Hoja de trabajo 4\Hoja-de-trabajo-4-algoritmos\StackFactory.java
2026.02.27 08:38:32 INFO  no build target found for C:\Users\joses\OneDrive\Desktop\estructura de datos\Hoja de trabajo 4\Hoja-de-trabajo-4-algoritmos\StackFactory.java. Using fallback presentation compiler.
2026.02.27 08:38:32 INFO  no build target found for C:\Users\joses\OneDrive\Desktop\estructura de datos\Hoja de trabajo 4\Hoja-de-trabajo-4-algoritmos\StackFactory.java. Using fallback presentation compiler.
2026.02.27 08:38:32 INFO  no build target found for C:\Users\joses\OneDrive\Desktop\estructura de datos\Hoja de trabajo 4\Hoja-de-trabajo-4-algoritmos\StackFactory.java. Using fallback presentation compiler.
2026.02.27 08:38:34 INFO  no build target found for C:\Users\joses\OneDrive\Desktop\estructura de datos\Hoja de trabajo 4\Hoja-de-trabajo-4-algoritmos\StackFactory.java. Using fallback presentation compiler.
2026.02.27 08:38:34 INFO  no build target found for C:\Users\joses\OneDrive\Desktop\estructura de datos\Hoja de trabajo 4\Hoja-de-trabajo-4-algoritmos\StackFactory.java. Using fallback presentation compiler.
2026.02.27 08:38:34 INFO  no build target found for C:\Users\joses\OneDrive\Desktop\estructura de datos\Hoja de trabajo 4\Hoja-de-trabajo-4-algoritmos\StackFactory.java. Using fallback presentation compiler.
2026.02.27 08:38:36 WARN  no build target for: C:\Users\joses\OneDrive\Desktop\estructura de datos\Hoja de trabajo 4\Hoja-de-trabajo-4-algoritmos\AbstractList.java
2026.02.27 08:38:36 INFO  no build target found for C:\Users\joses\OneDrive\Desktop\estructura de datos\Hoja de trabajo 4\Hoja-de-trabajo-4-algoritmos\AbstractList.java. Using fallback presentation compiler.
2026.02.27 08:38:36 INFO  no build target found for C:\Users\joses\OneDrive\Desktop\estructura de datos\Hoja de trabajo 4\Hoja-de-trabajo-4-algoritmos\AbstractList.java. Using fallback presentation compiler.
2026.02.27 08:38:37 WARN  no build target for: C:\Users\joses\OneDrive\Desktop\estructura de datos\Hoja de trabajo 4\Hoja-de-trabajo-4-algoritmos\AbstractStack.java
2026.02.27 08:38:37 INFO  no build target found for C:\Users\joses\OneDrive\Desktop\estructura de datos\Hoja de trabajo 4\Hoja-de-trabajo-4-algoritmos\AbstractStack.java. Using fallback presentation compiler.
2026.02.27 08:38:37 INFO  no build target found for C:\Users\joses\OneDrive\Desktop\estructura de datos\Hoja de trabajo 4\Hoja-de-trabajo-4-algoritmos\AbstractStack.java. Using fallback presentation compiler.
2026.02.27 08:38:40 WARN  no build target for: C:\Users\joses\OneDrive\Desktop\estructura de datos\Hoja de trabajo 4\Hoja-de-trabajo-4-algoritmos\ExpressionConverter.java
2026.02.27 08:38:40 INFO  no build target found for C:\Users\joses\OneDrive\Desktop\estructura de datos\Hoja de trabajo 4\Hoja-de-trabajo-4-algoritmos\ExpressionConverter.java. Using fallback presentation compiler.
2026.02.27 08:38:40 INFO  no build target found for C:\Users\joses\OneDrive\Desktop\estructura de datos\Hoja de trabajo 4\Hoja-de-trabajo-4-algoritmos\ExpressionConverter.java. Using fallback presentation compiler.
2026.02.27 08:38:40 INFO  no build target found for C:\Users\joses\OneDrive\Desktop\estructura de datos\Hoja de trabajo 4\Hoja-de-trabajo-4-algoritmos\ExpressionConverter.java. Using fallback presentation compiler.
2026.02.27 08:38:40 INFO  no build target found for C:\Users\joses\OneDrive\Desktop\estructura de datos\Hoja de trabajo 4\Hoja-de-trabajo-4-algoritmos\ExpressionConverter.java. Using fallback presentation compiler.
2026.02.27 08:38:41 WARN  no build target for: C:\Users\joses\OneDrive\Desktop\estructura de datos\Hoja de trabajo 4\Hoja-de-trabajo-4-algoritmos\DoublyLinkedList.java
2026.02.27 08:38:40 INFO  no build target found for C:\Users\joses\OneDrive\Desktop\estructura de datos\Hoja de trabajo 4\Hoja-de-trabajo-4-algoritmos\DoublyLinkedList.java. Using fallback presentation compiler.
2026.02.27 08:38:41 INFO  no build target found for C:\Users\joses\OneDrive\Desktop\estructura de datos\Hoja de trabajo 4\Hoja-de-trabajo-4-algoritmos\DoublyLinkedList.java. Using fallback presentation compiler.
2026.02.27 08:38:42 INFO  no build target found for C:\Users\joses\OneDrive\Desktop\estructura de datos\Hoja de trabajo 4\Hoja-de-trabajo-4-algoritmos\DoublyLinkedList.java. Using fallback presentation compiler.
2026.02.27 08:38:43 WARN  no build target for: C:\Users\joses\OneDrive\Desktop\estructura de datos\Hoja de trabajo 4\Hoja-de-trabajo-4-algoritmos\ExpressionConverter.java
2026.02.27 08:38:43 INFO  no build target found for C:\Users\joses\OneDrive\Desktop\estructura de datos\Hoja de trabajo 4\Hoja-de-trabajo-4-algoritmos\ExpressionConverter.java. Using fallback presentation compiler.
2026.02.27 08:38:43 INFO  no build target found for C:\Users\joses\OneDrive\Desktop\estructura de datos\Hoja de trabajo 4\Hoja-de-trabajo-4-algoritmos\ExpressionConverter.java. Using fallback presentation compiler.
2026.02.27 08:38:43 INFO  no build target found for C:\Users\joses\OneDrive\Desktop\estructura de datos\Hoja de trabajo 4\Hoja-de-trabajo-4-algoritmos\ExpressionConverter.java. Using fallback presentation compiler.
2026.02.27 08:38:44 WARN  no build target for: C:\Users\joses\OneDrive\Desktop\estructura de datos\Hoja de trabajo 4\Hoja-de-trabajo-4-algoritmos\IList.java
2026.02.27 08:38:43 INFO  no build target found for C:\Users\joses\OneDrive\Desktop\estructura de datos\Hoja de trabajo 4\Hoja-de-trabajo-4-algoritmos\IList.java. Using fallback presentation compiler.
2026.02.27 08:38:44 INFO  no build target found for C:\Users\joses\OneDrive\Desktop\estructura de datos\Hoja de trabajo 4\Hoja-de-trabajo-4-algoritmos\IList.java. Using fallback presentation compiler.
2026.02.27 08:38:45 INFO  no build target found for C:\Users\joses\OneDrive\Desktop\estructura de datos\Hoja de trabajo 4\Hoja-de-trabajo-4-algoritmos\IStack.java. Using fallback presentation compiler.
2026.02.27 08:38:45 WARN  no build target for: C:\Users\joses\OneDrive\Desktop\estructura de datos\Hoja de trabajo 4\Hoja-de-trabajo-4-algoritmos\IStack.java
2026.02.27 08:38:45 INFO  no build target found for C:\Users\joses\OneDrive\Desktop\estructura de datos\Hoja de trabajo 4\Hoja-de-trabajo-4-algoritmos\IStack.java. Using fallback presentation compiler.
2026.02.27 08:38:46 WARN  no build target for: C:\Users\joses\OneDrive\Desktop\estructura de datos\Hoja de trabajo 4\Hoja-de-trabajo-4-algoritmos\Main.java
2026.02.27 08:38:46 INFO  no build target found for C:\Users\joses\OneDrive\Desktop\estructura de datos\Hoja de trabajo 4\Hoja-de-trabajo-4-algoritmos\Main.java. Using fallback presentation compiler.
2026.02.27 08:38:46 INFO  no build target found for C:\Users\joses\OneDrive\Desktop\estructura de datos\Hoja de trabajo 4\Hoja-de-trabajo-4-algoritmos\Main.java. Using fallback presentation compiler.
2026.02.27 08:38:46 INFO  no build target found for C:\Users\joses\OneDrive\Desktop\estructura de datos\Hoja de trabajo 4\Hoja-de-trabajo-4-algoritmos\Main.java. Using fallback presentation compiler.
2026.02.27 08:38:46 WARN  no build target for: C:\Users\joses\OneDrive\Desktop\estructura de datos\Hoja de trabajo 4\Hoja-de-trabajo-4-algoritmos\PostfixEvaluator.java
2026.02.27 08:38:46 INFO  no build target found for C:\Users\joses\OneDrive\Desktop\estructura de datos\Hoja de trabajo 4\Hoja-de-trabajo-4-algoritmos\PostfixEvaluator.java. Using fallback presentation compiler.
2026.02.27 08:38:47 INFO  no build target found for C:\Users\joses\OneDrive\Desktop\estructura de datos\Hoja de trabajo 4\Hoja-de-trabajo-4-algoritmos\PostfixEvaluator.java. Using fallback presentation compiler.
2026.02.27 08:38:48 WARN  no build target for: C:\Users\joses\OneDrive\Desktop\estructura de datos\Hoja de trabajo 4\Hoja-de-trabajo-4-algoritmos\SinglyLinkedList.java
2026.02.27 08:38:48 INFO  no build target found for C:\Users\joses\OneDrive\Desktop\estructura de datos\Hoja de trabajo 4\Hoja-de-trabajo-4-algoritmos\SinglyLinkedList.java. Using fallback presentation compiler.
2026.02.27 08:38:48 INFO  no build target found for C:\Users\joses\OneDrive\Desktop\estructura de datos\Hoja de trabajo 4\Hoja-de-trabajo-4-algoritmos\SinglyLinkedList.java. Using fallback presentation compiler.
2026.02.27 08:38:48 WARN  no build target for: C:\Users\joses\OneDrive\Desktop\estructura de datos\Hoja de trabajo 4\Hoja-de-trabajo-4-algoritmos\StackArrayList.java
2026.02.27 08:38:49 INFO  no build target found for C:\Users\joses\OneDrive\Desktop\estructura de datos\Hoja de trabajo 4\Hoja-de-trabajo-4-algoritmos\StackArrayList.java. Using fallback presentation compiler.
2026.02.27 08:38:49 INFO  no build target found for C:\Users\joses\OneDrive\Desktop\estructura de datos\Hoja de trabajo 4\Hoja-de-trabajo-4-algoritmos\StackArrayList.java. Using fallback presentation compiler.
2026.02.27 08:38:49 INFO  no build target found for C:\Users\joses\OneDrive\Desktop\estructura de datos\Hoja de trabajo 4\Hoja-de-trabajo-4-algoritmos\StackArrayList.java. Using fallback presentation compiler.
2026.02.27 08:38:50 WARN  no build target for: C:\Users\joses\OneDrive\Desktop\estructura de datos\Hoja de trabajo 4\Hoja-de-trabajo-4-algoritmos\StackFactory.java
2026.02.27 08:38:49 INFO  no build target found for C:\Users\joses\OneDrive\Desktop\estructura de datos\Hoja de trabajo 4\Hoja-de-trabajo-4-algoritmos\StackFactory.java. Using fallback presentation compiler.
2026.02.27 08:38:50 INFO  no build target found for C:\Users\joses\OneDrive\Desktop\estructura de datos\Hoja de trabajo 4\Hoja-de-trabajo-4-algoritmos\StackFactory.java. Using fallback presentation compiler.
2026.02.27 08:38:50 INFO  no build target found for C:\Users\joses\OneDrive\Desktop\estructura de datos\Hoja de trabajo 4\Hoja-de-trabajo-4-algoritmos\StackFactory.java. Using fallback presentation compiler.
2026.02.27 08:38:50 INFO  no build target found for C:\Users\joses\OneDrive\Desktop\estructura de datos\Hoja de trabajo 4\Hoja-de-trabajo-4-algoritmos\StackFactory.java. Using fallback presentation compiler.
2026.02.27 08:38:51 WARN  no build target for: C:\Users\joses\OneDrive\Desktop\estructura de datos\Hoja de trabajo 4\Hoja-de-trabajo-4-algoritmos\StackVector.java
2026.02.27 08:38:50 INFO  no build target found for C:\Users\joses\OneDrive\Desktop\estructura de datos\Hoja de trabajo 4\Hoja-de-trabajo-4-algoritmos\StackVector.java. Using fallback presentation compiler.
2026.02.27 08:38:51 INFO  no build target found for C:\Users\joses\OneDrive\Desktop\estructura de datos\Hoja de trabajo 4\Hoja-de-trabajo-4-algoritmos\StackVector.java. Using fallback presentation compiler.
2026.02.27 08:38:51 INFO  no build target found for C:\Users\joses\OneDrive\Desktop\estructura de datos\Hoja de trabajo 4\Hoja-de-trabajo-4-algoritmos\StackVector.java. Using fallback presentation compiler.
2026.02.27 08:38:52 WARN  no build target for: C:\Users\joses\OneDrive\Desktop\estructura de datos\Hoja de trabajo 4\Hoja-de-trabajo-4-algoritmos\StackList.java
2026.02.27 08:38:51 INFO  no build target found for C:\Users\joses\OneDrive\Desktop\estructura de datos\Hoja de trabajo 4\Hoja-de-trabajo-4-algoritmos\StackList.java. Using fallback presentation compiler.
2026.02.27 08:38:52 INFO  no build target found for C:\Users\joses\OneDrive\Desktop\estructura de datos\Hoja de trabajo 4\Hoja-de-trabajo-4-algoritmos\StackList.java. Using fallback presentation compiler.
2026.02.27 08:38:51 INFO  no build target found for C:\Users\joses\OneDrive\Desktop\estructura de datos\Hoja de trabajo 4\Hoja-de-trabajo-4-algoritmos\StackList.java. Using fallback presentation compiler.
2026.02.27 08:38:53 INFO  no build target found for C:\Users\joses\OneDrive\Desktop\estructura de datos\Hoja de trabajo 4\Hoja-de-trabajo-4-algoritmos\StackList.java. Using fallback presentation compiler.
2026.02.27 08:38:53 INFO  no build target found for C:\Users\joses\OneDrive\Desktop\estructura de datos\Hoja de trabajo 4\Hoja-de-trabajo-4-algoritmos\StackList.java. Using fallback presentation compiler.
2026.02.27 08:38:54 WARN  no build target for: C:\Users\joses\OneDrive\Desktop\estructura de datos\Hoja de trabajo 4\Hoja-de-trabajo-4-algoritmos\StackFactory.java
2026.02.27 08:38:54 INFO  no build target found for C:\Users\joses\OneDrive\Desktop\estructura de datos\Hoja de trabajo 4\Hoja-de-trabajo-4-algoritmos\StackFactory.java. Using fallback presentation compiler.
2026.02.27 08:38:54 INFO  no build target found for C:\Users\joses\OneDrive\Desktop\estructura de datos\Hoja de trabajo 4\Hoja-de-trabajo-4-algoritmos\StackFactory.java. Using fallback presentation compiler.
2026.02.27 08:38:54 INFO  no build target found for C:\Users\joses\OneDrive\Desktop\estructura de datos\Hoja de trabajo 4\Hoja-de-trabajo-4-algoritmos\StackFactory.java. Using fallback presentation compiler.
2026.02.27 08:38:54 INFO  no build target found for C:\Users\joses\OneDrive\Desktop\estructura de datos\Hoja de trabajo 4\Hoja-de-trabajo-4-algoritmos\StackFactory.java. Using fallback presentation compiler.
2026.02.27 08:38:56 INFO  no build target found for C:\Users\joses\OneDrive\Desktop\estructura de datos\Hoja de trabajo 4\Hoja-de-trabajo-4-algoritmos\StackFactory.java. Using fallback presentation compiler.
2026.02.27 08:38:56 INFO  no build target found for C:\Users\joses\OneDrive\Desktop\estructura de datos\Hoja de trabajo 4\Hoja-de-trabajo-4-algoritmos\StackFactory.java. Using fallback presentation compiler.
2026.02.27 08:38:57 INFO  no build target found for C:\Users\joses\OneDrive\Desktop\estructura de datos\Hoja de trabajo 4\Hoja-de-trabajo-4-algoritmos\StackFactory.java. Using fallback presentation compiler.
2026.02.27 08:38:57 INFO  no build target found for C:\Users\joses\OneDrive\Desktop\estructura de datos\Hoja de trabajo 4\Hoja-de-trabajo-4-algoritmos\StackFactory.java. Using fallback presentation compiler.
2026.02.27 08:38:57 INFO  no build target found for C:\Users\joses\OneDrive\Desktop\estructura de datos\Hoja de trabajo 4\Hoja-de-trabajo-4-algoritmos\StackFactory.java. Using fallback presentation compiler.
2026.02.27 08:38:58 INFO  no build target found for C:\Users\joses\OneDrive\Desktop\estructura de datos\Hoja de trabajo 4\Hoja-de-trabajo-4-algoritmos\StackFactory.java. Using fallback presentation compiler.
2026.02.27 08:38:58 INFO  no build target found for C:\Users\joses\OneDrive\Desktop\estructura de datos\Hoja de trabajo 4\Hoja-de-trabajo-4-algoritmos\StackFactory.java. Using fallback presentation compiler.
2026.02.27 08:38:59 INFO  no build target found for C:\Users\joses\OneDrive\Desktop\estructura de datos\Hoja de trabajo 4\Hoja-de-trabajo-4-algoritmos\StackFactory.java. Using fallback presentation compiler.
2026.02.27 08:38:59 INFO  no build target found for C:\Users\joses\OneDrive\Desktop\estructura de datos\Hoja de trabajo 4\Hoja-de-trabajo-4-algoritmos\StackFactory.java. Using fallback presentation compiler.
2026.02.27 08:39:00 INFO  no build target found for C:\Users\joses\OneDrive\Desktop\estructura de datos\Hoja de trabajo 4\Hoja-de-trabajo-4-algoritmos\StackFactory.java. Using fallback presentation compiler.
2026.02.27 08:39:00 INFO  no build target found for C:\Users\joses\OneDrive\Desktop\estructura de datos\Hoja de trabajo 4\Hoja-de-trabajo-4-algoritmos\StackFactory.java. Using fallback presentation compiler.
2026.02.27 08:39:01 WARN  no build target for: C:\Users\joses\OneDrive\Desktop\estructura de datos\Hoja de trabajo 4\Hoja-de-trabajo-4-algoritmos\AbstractList.java
2026.02.27 08:39:01 INFO  no build target found for C:\Users\joses\OneDrive\Desktop\estructura de datos\Hoja de trabajo 4\Hoja-de-trabajo-4-algoritmos\AbstractList.java. Using fallback presentation compiler.
2026.02.27 08:39:01 INFO  no build target found for C:\Users\joses\OneDrive\Desktop\estructura de datos\Hoja de trabajo 4\Hoja-de-trabajo-4-algoritmos\AbstractList.java. Using fallback presentation compiler.
Feb 27, 2026 8:39:07 AM org.eclipse.lsp4j.jsonrpc.services.GenericEndpoint notify
INFO: Unsupported notification method: $/setTrace
Feb 27, 2026 8:39:07 AM org.eclipse.lsp4j.jsonrpc.services.GenericEndpoint notify
INFO: Unsupported notification method: $/setTrace
2026.02.27 08:39:39 WARN  no build target for: C:\Users\joses\OneDrive\Desktop\estructura de datos\Hoja de trabajo 4\Hoja-de-trabajo-4-algoritmos\ExpressionConverter.java
2026.02.27 08:39:39 INFO  no build target found for C:\Users\joses\OneDrive\Desktop\estructura de datos\Hoja de trabajo 4\Hoja-de-trabajo-4-algoritmos\ExpressionConverter.java. Using fallback presentation compiler.
2026.02.27 08:39:39 INFO  no build target found for C:\Users\joses\OneDrive\Desktop\estructura de datos\Hoja de trabajo 4\Hoja-de-trabajo-4-algoritmos\ExpressionConverter.java. Using fallback presentation compiler.
2026.02.27 08:39:39 INFO  no build target found for C:\Users\joses\OneDrive\Desktop\estructura de datos\Hoja de trabajo 4\Hoja-de-trabajo-4-algoritmos\ExpressionConverter.java. Using fallback presentation compiler.
2026.02.27 08:39:39 INFO  no build target found for C:\Users\joses\OneDrive\Desktop\estructura de datos\Hoja de trabajo 4\Hoja-de-trabajo-4-algoritmos\ExpressionConverter.java. Using fallback presentation compiler.
2026.02.27 08:39:39 INFO  no build target found for C:\Users\joses\OneDrive\Desktop\estructura de datos\Hoja de trabajo 4\Hoja-de-trabajo-4-algoritmos\ExpressionConverter.java. Using fallback presentation compiler.
2026.02.27 08:39:40 INFO  no build target found for C:\Users\joses\OneDrive\Desktop\estructura de datos\Hoja de trabajo 4\Hoja-de-trabajo-4-algoritmos\ExpressionConverter.java. Using fallback presentation compiler.
2026.02.27 08:39:40 INFO  no build target found for C:\Users\joses\OneDrive\Desktop\estructura de datos\Hoja de trabajo 4\Hoja-de-trabajo-4-algoritmos\ExpressionConverter.java. Using fallback presentation compiler.
2026.02.27 08:39:46 INFO  no build target found for C:\Users\joses\OneDrive\Desktop\estructura de datos\Hoja de trabajo 4\Hoja-de-trabajo-4-algoritmos\ExpressionConverter.java. Using fallback presentation compiler.
2026.02.27 08:39:48 INFO  no build target found for C:\Users\joses\OneDrive\Desktop\estructura de datos\Hoja de trabajo 4\Hoja-de-trabajo-4-algoritmos\ExpressionConverter.java. Using fallback presentation compiler.
2026.02.27 08:39:48 INFO  no build target found for C:\Users\joses\OneDrive\Desktop\estructura de datos\Hoja de trabajo 4\Hoja-de-trabajo-4-algoritmos\ExpressionConverter.java. Using fallback presentation compiler.
2026.02.27 08:39:48 INFO  no build target found for C:\Users\joses\OneDrive\Desktop\estructura de datos\Hoja de trabajo 4\Hoja-de-trabajo-4-algoritmos\ExpressionConverter.java. Using fallback presentation compiler.
2026.02.27 08:39:48 WARN  no build target for: C:\Users\joses\OneDrive\Desktop\estructura de datos\Hoja de trabajo 4\Hoja-de-trabajo-4-algoritmos\ExpressionConverter.java
2026.02.27 08:39:48 INFO  no build target found for C:\Users\joses\OneDrive\Desktop\estructura de datos\Hoja de trabajo 4\Hoja-de-trabajo-4-algoritmos\ExpressionConverter.java. Using fallback presentation compiler.
2026.02.27 08:39:48 WARN  Running javac-semanticdb failed for file:///C:/Users/joses/OneDrive/Desktop/estructura%20de%20datos/Hoja%20de%20trabajo%204/Hoja-de-trabajo-4-algoritmos/ExpressionConverter.java. Output:

2026.02.27 08:39:48 INFO  no build target found for C:\Users\joses\OneDrive\Desktop\estructura de datos\Hoja de trabajo 4\Hoja-de-trabajo-4-algoritmos\ExpressionConverter.java. Using fallback presentation compiler.
2026.02.27 08:39:49 INFO  no build target found for C:\Users\joses\OneDrive\Desktop\estructura de datos\Hoja de trabajo 4\Hoja-de-trabajo-4-algoritmos\ExpressionConverter.java. Using fallback presentation compiler.
2026.02.27 08:39:49 INFO  no build target found for C:\Users\joses\OneDrive\Desktop\estructura de datos\Hoja de trabajo 4\Hoja-de-trabajo-4-algoritmos\ExpressionConverter.java. Using fallback presentation compiler.
2026.02.27 08:39:51 INFO  no build target found for C:\Users\joses\OneDrive\Desktop\estructura de datos\Hoja de trabajo 4\Hoja-de-trabajo-4-algoritmos\ExpressionConverter.java. Using fallback presentation compiler.
2026.02.27 08:39:53 INFO  no build target found for C:\Users\joses\OneDrive\Desktop\estructura de datos\Hoja de trabajo 4\Hoja-de-trabajo-4-algoritmos\ExpressionConverter.java. Using fallback presentation compiler.
2026.02.27 08:39:59 INFO  no build target found for C:\Users\joses\OneDrive\Desktop\estructura de datos\Hoja de trabajo 4\Hoja-de-trabajo-4-algoritmos\ExpressionConverter.java. Using fallback presentation compiler.
2026.02.27 08:40:00 WARN  no build target for: C:\Users\joses\OneDrive\Desktop\estructura de datos\Hoja de trabajo 4\Hoja-de-trabajo-4-algoritmos\Main.java
2026.02.27 08:39:59 INFO  no build target found for C:\Users\joses\OneDrive\Desktop\estructura de datos\Hoja de trabajo 4\Hoja-de-trabajo-4-algoritmos\Main.java. Using fallback presentation compiler.
2026.02.27 08:40:00 INFO  no build target found for C:\Users\joses\OneDrive\Desktop\estructura de datos\Hoja de trabajo 4\Hoja-de-trabajo-4-algoritmos\Main.java. Using fallback presentation compiler.
2026.02.27 08:40:00 INFO  no build target found for C:\Users\joses\OneDrive\Desktop\estructura de datos\Hoja de trabajo 4\Hoja-de-trabajo-4-algoritmos\Main.java. Using fallback presentation compiler.
2026.02.27 08:40:00 INFO  no build target found for C:\Users\joses\OneDrive\Desktop\estructura de datos\Hoja de trabajo 4\Hoja-de-trabajo-4-algoritmos\Main.java. Using fallback presentation compiler.
Feb 27, 2026 8:40:00 AM org.eclipse.lsp4j.jsonrpc.RemoteEndpoint handleCancellation
WARNING: Unmatched cancel notification for request id 439
2026.02.27 08:40:00 INFO  no build target found for C:\Users\joses\OneDrive\Desktop\estructura de datos\Hoja de trabajo 4\Hoja-de-trabajo-4-algoritmos\Main.java. Using fallback presentation compiler.
2026.02.27 08:40:01 INFO  no build target found for C:\Users\joses\OneDrive\Desktop\estructura de datos\Hoja de trabajo 4\Hoja-de-trabajo-4-algoritmos\Main.java. Using fallback presentation compiler.
2026.02.27 08:40:01 INFO  no build target found for C:\Users\joses\OneDrive\Desktop\estructura de datos\Hoja de trabajo 4\Hoja-de-trabajo-4-algoritmos\Main.java. Using fallback presentation compiler.
2026.02.27 08:40:03 INFO  no build target found for C:\Users\joses\OneDrive\Desktop\estructura de datos\Hoja de trabajo 4\Hoja-de-trabajo-4-algoritmos\Main.java. Using fallback presentation compiler.
2026.02.27 08:40:03 INFO  no build target found for C:\Users\joses\OneDrive\Desktop\estructura de datos\Hoja de trabajo 4\Hoja-de-trabajo-4-algoritmos\Main.java. Using fallback presentation compiler.
2026.02.27 08:40:04 INFO  no build target found for C:\Users\joses\OneDrive\Desktop\estructura de datos\Hoja de trabajo 4\Hoja-de-trabajo-4-algoritmos\Main.java. Using fallback presentation compiler.
2026.02.27 08:40:05 INFO  no build target found for C:\Users\joses\OneDrive\Desktop\estructura de datos\Hoja de trabajo 4\Hoja-de-trabajo-4-algoritmos\Main.java. Using fallback presentation compiler.
2026.02.27 08:40:05 INFO  no build target found for C:\Users\joses\OneDrive\Desktop\estructura de datos\Hoja de trabajo 4\Hoja-de-trabajo-4-algoritmos\Main.java. Using fallback presentation compiler.
2026.02.27 08:40:06 INFO  no build target found for C:\Users\joses\OneDrive\Desktop\estructura de datos\Hoja de trabajo 4\Hoja-de-trabajo-4-algoritmos\Main.java. Using fallback presentation compiler.
2026.02.27 08:40:06 INFO  Created report: Optional[file:///C:/Users/joses/OneDrive/Desktop/estructura%20de%20datos/Hoja%20de%20trabajo%204/Hoja-de-trabajo-4-algoritmos/Main.java]
2026.02.27 08:40:06 INFO  empty definition using pc, found symbol in pc: _empty_/ExpressionConverter#infixToPostfix# (full report at: "C:\Users\joses\OneDrive\Desktop\estructura de datos\Hoja de trabajo 4\Hoja-de-trabajo-4-algoritmos\.metals\.reports\metals-full\2026-02-27\r_empty-definition_08-40-07-122.md")
2026.02.27 08:40:07 INFO  no build target found for C:\Users\joses\OneDrive\Desktop\estructura de datos\Hoja de trabajo 4\Hoja-de-trabajo-4-algoritmos\Main.java. Using fallback presentation compiler.
2026.02.27 08:40:07 INFO  no build target found for C:\Users\joses\OneDrive\Desktop\estructura de datos\Hoja de trabajo 4\Hoja-de-trabajo-4-algoritmos\Main.java. Using fallback presentation compiler.
2026.02.27 08:40:08 WARN  no build target for: C:\Users\joses\OneDrive\Desktop\estructura de datos\Hoja de trabajo 4\Hoja-de-trabajo-4-algoritmos\Main.java
2026.02.27 08:40:08 INFO  no build target found for C:\Users\joses\OneDrive\Desktop\estructura de datos\Hoja de trabajo 4\Hoja-de-trabajo-4-algoritmos\Main.java. Using fallback presentation compiler.
2026.02.27 08:40:08 WARN  Running javac-semanticdb failed for file:///C:/Users/joses/OneDrive/Desktop/estructura%20de%20datos/Hoja%20de%20trabajo%204/Hoja-de-trabajo-4-algoritmos/Main.java. Output:

2026.02.27 08:40:07 INFO  no build target found for C:\Users\joses\OneDrive\Desktop\estructura de datos\Hoja de trabajo 4\Hoja-de-trabajo-4-algoritmos\Main.java. Using fallback presentation compiler.
2026.02.27 08:40:08 INFO  no build target found for C:\Users\joses\OneDrive\Desktop\estructura de datos\Hoja de trabajo 4\Hoja-de-trabajo-4-algoritmos\Main.java. Using fallback presentation compiler.
2026.02.27 08:40:10 INFO  no build target found for C:\Users\joses\OneDrive\Desktop\estructura de datos\Hoja de trabajo 4\Hoja-de-trabajo-4-algoritmos\Main.java. Using fallback presentation compiler.
2026.02.27 08:40:10 INFO  no build target found for C:\Users\joses\OneDrive\Desktop\estructura de datos\Hoja de trabajo 4\Hoja-de-trabajo-4-algoritmos\Main.java. Using fallback presentation compiler.
2026.02.27 08:40:11 INFO  no build target found for C:\Users\joses\OneDrive\Desktop\estructura de datos\Hoja de trabajo 4\Hoja-de-trabajo-4-algoritmos\Main.java. Using fallback presentation compiler.
2026.02.27 08:40:11 INFO  no build target found for C:\Users\joses\OneDrive\Desktop\estructura de datos\Hoja de trabajo 4\Hoja-de-trabajo-4-algoritmos\Main.java. Using fallback presentation compiler.
2026.02.27 08:40:14 INFO  no build target found for C:\Users\joses\OneDrive\Desktop\estructura de datos\Hoja de trabajo 4\Hoja-de-trabajo-4-algoritmos\Main.java. Using fallback presentation compiler.
2026.02.27 08:40:14 INFO  no build target found for C:\Users\joses\OneDrive\Desktop\estructura de datos\Hoja de trabajo 4\Hoja-de-trabajo-4-algoritmos\Main.java. Using fallback presentation compiler.
2026.02.27 08:40:16 INFO  no build target found for C:\Users\joses\OneDrive\Desktop\estructura de datos\Hoja de trabajo 4\Hoja-de-trabajo-4-algoritmos\Main.java. Using fallback presentation compiler.
2026.02.27 08:40:17 INFO  no build target found for C:\Users\joses\OneDrive\Desktop\estructura de datos\Hoja de trabajo 4\Hoja-de-trabajo-4-algoritmos\Main.java. Using fallback presentation compiler.
2026.02.27 08:40:17 INFO  no build target found for C:\Users\joses\OneDrive\Desktop\estructura de datos\Hoja de trabajo 4\Hoja-de-trabajo-4-algoritmos\Main.java. Using fallback presentation compiler.
2026.02.27 08:40:18 INFO  no build target found for C:\Users\joses\OneDrive\Desktop\estructura de datos\Hoja de trabajo 4\Hoja-de-trabajo-4-algoritmos\Main.java. Using fallback presentation compiler.
2026.02.27 08:40:18 INFO  no build target found for C:\Users\joses\OneDrive\Desktop\estructura de datos\Hoja de trabajo 4\Hoja-de-trabajo-4-algoritmos\Main.java. Using fallback presentation compiler.
2026.02.27 08:40:18 INFO  no build target found for C:\Users\joses\OneDrive\Desktop\estructura de datos\Hoja de trabajo 4\Hoja-de-trabajo-4-algoritmos\Main.java. Using fallback presentation compiler.
2026.02.27 08:40:18 INFO  no build target found for C:\Users\joses\OneDrive\Desktop\estructura de datos\Hoja de trabajo 4\Hoja-de-trabajo-4-algoritmos\Main.java. Using fallback presentation compiler.
2026.02.27 08:40:19 INFO  no build target found for C:\Users\joses\OneDrive\Desktop\estructura de datos\Hoja de trabajo 4\Hoja-de-trabajo-4-algoritmos\Main.java. Using fallback presentation compiler.
2026.02.27 08:40:19 INFO  no build target found for C:\Users\joses\OneDrive\Desktop\estructura de datos\Hoja de trabajo 4\Hoja-de-trabajo-4-algoritmos\Main.java. Using fallback presentation compiler.
2026.02.27 08:40:21 INFO  no build target found for C:\Users\joses\OneDrive\Desktop\estructura de datos\Hoja de trabajo 4\Hoja-de-trabajo-4-algoritmos\Main.java. Using fallback presentation compiler.
2026.02.27 08:40:21 INFO  no build target found for C:\Users\joses\OneDrive\Desktop\estructura de datos\Hoja de trabajo 4\Hoja-de-trabajo-4-algoritmos\Main.java. Using fallback presentation compiler.
2026.02.27 08:40:22 INFO  no build target found for C:\Users\joses\OneDrive\Desktop\estructura de datos\Hoja de trabajo 4\Hoja-de-trabajo-4-algoritmos\Main.java. Using fallback presentation compiler.
2026.02.27 08:40:22 INFO  no build target found for C:\Users\joses\OneDrive\Desktop\estructura de datos\Hoja de trabajo 4\Hoja-de-trabajo-4-algoritmos\Main.java. Using fallback presentation compiler.
2026.02.27 08:40:23 INFO  no build target found for C:\Users\joses\OneDrive\Desktop\estructura de datos\Hoja de trabajo 4\Hoja-de-trabajo-4-algoritmos\Main.java. Using fallback presentation compiler.
2026.02.27 08:40:23 INFO  no build target found for C:\Users\joses\OneDrive\Desktop\estructura de datos\Hoja de trabajo 4\Hoja-de-trabajo-4-algoritmos\Main.java. Using fallback presentation compiler.
2026.02.27 08:40:23 WARN  no build target for: C:\Users\joses\OneDrive\Desktop\estructura de datos\Hoja de trabajo 4\Hoja-de-trabajo-4-algoritmos\Main.java
2026.02.27 08:40:23 INFO  no build target found for C:\Users\joses\OneDrive\Desktop\estructura de datos\Hoja de trabajo 4\Hoja-de-trabajo-4-algoritmos\Main.java. Using fallback presentation compiler.
2026.02.27 08:40:23 WARN  Running javac-semanticdb failed for file:///C:/Users/joses/OneDrive/Desktop/estructura%20de%20datos/Hoja%20de%20trabajo%204/Hoja-de-trabajo-4-algoritmos/Main.java. Output:

2026.02.27 08:40:23 INFO  no build target found for C:\Users\joses\OneDrive\Desktop\estructura de datos\Hoja de trabajo 4\Hoja-de-trabajo-4-algoritmos\Main.java. Using fallback presentation compiler.
2026.02.27 08:40:23 INFO  no build target found for C:\Users\joses\OneDrive\Desktop\estructura de datos\Hoja de trabajo 4\Hoja-de-trabajo-4-algoritmos\Main.java. Using fallback presentation compiler.
2026.02.27 08:40:25 INFO  no build target found for C:\Users\joses\OneDrive\Desktop\estructura de datos\Hoja de trabajo 4\Hoja-de-trabajo-4-algoritmos\Main.java. Using fallback presentation compiler.
2026.02.27 08:40:25 INFO  no build target found for C:\Users\joses\OneDrive\Desktop\estructura de datos\Hoja de trabajo 4\Hoja-de-trabajo-4-algoritmos\Main.java. Using fallback presentation compiler.
2026.02.27 08:40:26 INFO  no build target found for C:\Users\joses\OneDrive\Desktop\estructura de datos\Hoja de trabajo 4\Hoja-de-trabajo-4-algoritmos\Main.java. Using fallback presentation compiler.
2026.02.27 08:40:28 INFO  no build target found for C:\Users\joses\OneDrive\Desktop\estructura de datos\Hoja de trabajo 4\Hoja-de-trabajo-4-algoritmos\Main.java. Using fallback presentation compiler.
2026.02.27 08:40:28 INFO  no build target found for C:\Users\joses\OneDrive\Desktop\estructura de datos\Hoja de trabajo 4\Hoja-de-trabajo-4-algoritmos\Main.java. Using fallback presentation compiler.
2026.02.27 08:40:32 INFO  no build target found for C:\Users\joses\OneDrive\Desktop\estructura de datos\Hoja de trabajo 4\Hoja-de-trabajo-4-algoritmos\Main.java. Using fallback presentation compiler.
2026.02.27 08:40:39 INFO  no build target found for C:\Users\joses\OneDrive\Desktop\estructura de datos\Hoja de trabajo 4\Hoja-de-trabajo-4-algoritmos\Main.java. Using fallback presentation compiler.
2026.02.27 08:40:40 INFO  no build target found for C:\Users\joses\OneDrive\Desktop\estructura de datos\Hoja de trabajo 4\Hoja-de-trabajo-4-algoritmos\Main.java. Using fallback presentation compiler.
2026.02.27 08:40:40 INFO  no build target found for C:\Users\joses\OneDrive\Desktop\estructura de datos\Hoja de trabajo 4\Hoja-de-trabajo-4-algoritmos\Main.java. Using fallback presentation compiler.
2026.02.27 08:40:42 INFO  no build target found for C:\Users\joses\OneDrive\Desktop\estructura de datos\Hoja de trabajo 4\Hoja-de-trabajo-4-algoritmos\Main.java. Using fallback presentation compiler.
2026.02.27 08:40:42 WARN  no build target for: C:\Users\joses\OneDrive\Desktop\estructura de datos\Hoja de trabajo 4\Hoja-de-trabajo-4-algoritmos\StackFactory.java
2026.02.27 08:40:42 INFO  no build target found for C:\Users\joses\OneDrive\Desktop\estructura de datos\Hoja de trabajo 4\Hoja-de-trabajo-4-algoritmos\StackFactory.java. Using fallback presentation compiler.
2026.02.27 08:40:42 INFO  no build target found for C:\Users\joses\OneDrive\Desktop\estructura de datos\Hoja de trabajo 4\Hoja-de-trabajo-4-algoritmos\StackFactory.java. Using fallback presentation compiler.
2026.02.27 08:40:42 INFO  no build target found for C:\Users\joses\OneDrive\Desktop\estructura de datos\Hoja de trabajo 4\Hoja-de-trabajo-4-algoritmos\StackFactory.java. Using fallback presentation compiler.
2026.02.27 08:40:43 INFO  no build target found for C:\Users\joses\OneDrive\Desktop\estructura de datos\Hoja de trabajo 4\Hoja-de-trabajo-4-algoritmos\StackFactory.java. Using fallback presentation compiler.
2026.02.27 08:40:43 INFO  no build target found for C:\Users\joses\OneDrive\Desktop\estructura de datos\Hoja de trabajo 4\Hoja-de-trabajo-4-algoritmos\StackFactory.java. Using fallback presentation compiler.
2026.02.27 08:40:43 INFO  no build target found for C:\Users\joses\OneDrive\Desktop\estructura de datos\Hoja de trabajo 4\Hoja-de-trabajo-4-algoritmos\StackFactory.java. Using fallback presentation compiler.
2026.02.27 08:40:43 INFO  no build target found for C:\Users\joses\OneDrive\Desktop\estructura de datos\Hoja de trabajo 4\Hoja-de-trabajo-4-algoritmos\StackFactory.java. Using fallback presentation compiler.
2026.02.27 08:40:43 INFO  no build target found for C:\Users\joses\OneDrive\Desktop\estructura de datos\Hoja de trabajo 4\Hoja-de-trabajo-4-algoritmos\StackFactory.java. Using fallback presentation compiler.
2026.02.27 08:40:44 INFO  no build target found for C:\Users\joses\OneDrive\Desktop\estructura de datos\Hoja de trabajo 4\Hoja-de-trabajo-4-algoritmos\StackFactory.java. Using fallback presentation compiler.
2026.02.27 08:40:44 INFO  no build target found for C:\Users\joses\OneDrive\Desktop\estructura de datos\Hoja de trabajo 4\Hoja-de-trabajo-4-algoritmos\StackFactory.java. Using fallback presentation compiler.
2026.02.27 08:40:44 INFO  no build target found for C:\Users\joses\OneDrive\Desktop\estructura de datos\Hoja de trabajo 4\Hoja-de-trabajo-4-algoritmos\StackFactory.java. Using fallback presentation compiler.
2026.02.27 08:40:44 INFO  no build target found for C:\Users\joses\OneDrive\Desktop\estructura de datos\Hoja de trabajo 4\Hoja-de-trabajo-4-algoritmos\StackFactory.java. Using fallback presentation compiler.
2026.02.27 08:40:44 INFO  no build target found for C:\Users\joses\OneDrive\Desktop\estructura de datos\Hoja de trabajo 4\Hoja-de-trabajo-4-algoritmos\StackFactory.java. Using fallback presentation compiler.
2026.02.27 08:40:46 INFO  no build target found for C:\Users\joses\OneDrive\Desktop\estructura de datos\Hoja de trabajo 4\Hoja-de-trabajo-4-algoritmos\StackFactory.java. Using fallback presentation compiler.
2026.02.27 08:40:47 INFO  no build target found for C:\Users\joses\OneDrive\Desktop\estructura de datos\Hoja de trabajo 4\Hoja-de-trabajo-4-algoritmos\StackFactory.java. Using fallback presentation compiler.
2026.02.27 08:40:47 INFO  no build target found for C:\Users\joses\OneDrive\Desktop\estructura de datos\Hoja de trabajo 4\Hoja-de-trabajo-4-algoritmos\StackFactory.java. Using fallback presentation compiler.
2026.02.27 08:40:49 INFO  no build target found for C:\Users\joses\OneDrive\Desktop\estructura de datos\Hoja de trabajo 4\Hoja-de-trabajo-4-algoritmos\StackFactory.java. Using fallback presentation compiler.
2026.02.27 08:40:50 INFO  no build target found for C:\Users\joses\OneDrive\Desktop\estructura de datos\Hoja de trabajo 4\Hoja-de-trabajo-4-algoritmos\StackFactory.java. Using fallback presentation compiler.
2026.02.27 08:40:52 INFO  no build target found for C:\Users\joses\OneDrive\Desktop\estructura de datos\Hoja de trabajo 4\Hoja-de-trabajo-4-algoritmos\StackFactory.java. Using fallback presentation compiler.
2026.02.27 08:40:52 WARN  no build target for: C:\Users\joses\OneDrive\Desktop\estructura de datos\Hoja de trabajo 4\Hoja-de-trabajo-4-algoritmos\StackFactory.java
2026.02.27 08:40:52 INFO  no build target found for C:\Users\joses\OneDrive\Desktop\estructura de datos\Hoja de trabajo 4\Hoja-de-trabajo-4-algoritmos\StackFactory.java. Using fallback presentation compiler.
C:\Users\joses\OneDrive\Desktop\estructura de datos\Hoja de trabajo 4\Hoja-de-trabajo-4-algoritmos\StackFactory.java:5: error: unmappable character (0x90) for encoding windows-1252
    public static IStack createStack() {   // â†? quitamos <T>
                                                ^
2026.02.27 08:40:52 WARN  Running javac-semanticdb failed for file:///C:/Users/joses/OneDrive/Desktop/estructura%20de%20datos/Hoja%20de%20trabajo%204/Hoja-de-trabajo-4-algoritmos/StackFactory.java. Output:

2026.02.27 08:40:52 INFO  no build target found for C:\Users\joses\OneDrive\Desktop\estructura de datos\Hoja de trabajo 4\Hoja-de-trabajo-4-algoritmos\StackFactory.java. Using fallback presentation compiler.
2026.02.27 08:40:52 INFO  no build target found for C:\Users\joses\OneDrive\Desktop\estructura de datos\Hoja de trabajo 4\Hoja-de-trabajo-4-algoritmos\StackFactory.java. Using fallback presentation compiler.
2026.02.27 08:40:53 INFO  no build target found for C:\Users\joses\OneDrive\Desktop\estructura de datos\Hoja de trabajo 4\Hoja-de-trabajo-4-algoritmos\StackFactory.java. Using fallback presentation compiler.
2026.02.27 08:40:53 INFO  no build target found for C:\Users\joses\OneDrive\Desktop\estructura de datos\Hoja de trabajo 4\Hoja-de-trabajo-4-algoritmos\StackFactory.java. Using fallback presentation compiler.
2026.02.27 08:41:01 INFO  no build target found for C:\Users\joses\OneDrive\Desktop\estructura de datos\Hoja de trabajo 4\Hoja-de-trabajo-4-algoritmos\StackFactory.java. Using fallback presentation compiler.
2026.02.27 08:41:02 INFO  no build target found for C:\Users\joses\OneDrive\Desktop\estructura de datos\Hoja de trabajo 4\Hoja-de-trabajo-4-algoritmos\StackFactory.java. Using fallback presentation compiler.
2026.02.27 08:41:02 INFO  no build target found for C:\Users\joses\OneDrive\Desktop\estructura de datos\Hoja de trabajo 4\Hoja-de-trabajo-4-algoritmos\StackFactory.java. Using fallback presentation compiler.
2026.02.27 08:41:02 INFO  no build target found for C:\Users\joses\OneDrive\Desktop\estructura de datos\Hoja de trabajo 4\Hoja-de-trabajo-4-algoritmos\StackFactory.java. Using fallback presentation compiler.
2026.02.27 08:53:24 INFO  no build target found for C:\Users\joses\OneDrive\Desktop\estructura de datos\Hoja de trabajo 4\Hoja-de-trabajo-4-algoritmos\StackFactory.java. Using fallback presentation compiler.
Feb 27, 2026 8:53:26 AM org.eclipse.lsp4j.jsonrpc.services.GenericEndpoint notify
INFO: Unsupported notification method: $/setTrace
2026.02.27 08:53:39 INFO  no build target found for C:\Users\joses\OneDrive\Desktop\estructura de datos\Hoja de trabajo 4\Hoja-de-trabajo-4-algoritmos\StackFactory.java. Using fallback presentation compiler.
2026.02.27 08:53:40 INFO  no build target found for C:\Users\joses\OneDrive\Desktop\estructura de datos\Hoja de trabajo 4\Hoja-de-trabajo-4-algoritmos\StackFactory.java. Using fallback presentation compiler.
2026.02.27 08:53:41 INFO  no build target found for C:\Users\joses\OneDrive\Desktop\estructura de datos\Hoja de trabajo 4\Hoja-de-trabajo-4-algoritmos\StackFactory.java. Using fallback presentation compiler.
2026.02.27 08:53:41 INFO  no build target found for C:\Users\joses\OneDrive\Desktop\estructura de datos\Hoja de trabajo 4\Hoja-de-trabajo-4-algoritmos\StackFactory.java. Using fallback presentation compiler.
2026.02.27 08:53:43 INFO  no build target found for C:\Users\joses\OneDrive\Desktop\estructura de datos\Hoja de trabajo 4\Hoja-de-trabajo-4-algoritmos\StackFactory.java. Using fallback presentation compiler.
2026.02.27 08:53:43 INFO  no build target found for C:\Users\joses\OneDrive\Desktop\estructura de datos\Hoja de trabajo 4\Hoja-de-trabajo-4-algoritmos\StackFactory.java. Using fallback presentation compiler.
2026.02.27 08:53:44 INFO  no build target found for C:\Users\joses\OneDrive\Desktop\estructura de datos\Hoja de trabajo 4\Hoja-de-trabajo-4-algoritmos\StackFactory.java. Using fallback presentation compiler.
2026.02.27 08:53:44 INFO  no build target found for C:\Users\joses\OneDrive\Desktop\estructura de datos\Hoja de trabajo 4\Hoja-de-trabajo-4-algoritmos\StackFactory.java. Using fallback presentation compiler.
2026.02.27 08:53:46 INFO  no build target found for C:\Users\joses\OneDrive\Desktop\estructura de datos\Hoja de trabajo 4\Hoja-de-trabajo-4-algoritmos\StackFactory.java. Using fallback presentation compiler.
2026.02.27 08:53:46 INFO  no build target found for C:\Users\joses\OneDrive\Desktop\estructura de datos\Hoja de trabajo 4\Hoja-de-trabajo-4-algoritmos\StackFactory.java. Using fallback presentation compiler.
2026.02.27 08:53:47 INFO  no build target found for C:\Users\joses\OneDrive\Desktop\estructura de datos\Hoja de trabajo 4\Hoja-de-trabajo-4-algoritmos\StackFactory.java. Using fallback presentation compiler.
2026.02.27 08:53:47 INFO  no build target found for C:\Users\joses\OneDrive\Desktop\estructura de datos\Hoja de trabajo 4\Hoja-de-trabajo-4-algoritmos\StackFactory.java. Using fallback presentation compiler.
2026.02.27 08:53:49 INFO  no build target found for C:\Users\joses\OneDrive\Desktop\estructura de datos\Hoja de trabajo 4\Hoja-de-trabajo-4-algoritmos\StackFactory.java. Using fallback presentation compiler.
2026.02.27 08:53:49 INFO  no build target found for C:\Users\joses\OneDrive\Desktop\estructura de datos\Hoja de trabajo 4\Hoja-de-trabajo-4-algoritmos\StackFactory.java. Using fallback presentation compiler.
2026.02.27 08:53:53 INFO  no build target found for C:\Users\joses\OneDrive\Desktop\estructura de datos\Hoja de trabajo 4\Hoja-de-trabajo-4-algoritmos\StackFactory.java. Using fallback presentation compiler.
2026.02.27 08:53:53 INFO  no build target found for C:\Users\joses\OneDrive\Desktop\estructura de datos\Hoja de trabajo 4\Hoja-de-trabajo-4-algoritmos\StackFactory.java. Using fallback presentation compiler.
2026.02.27 08:53:58 INFO  no build target found for C:\Users\joses\OneDrive\Desktop\estructura de datos\Hoja de trabajo 4\Hoja-de-trabajo-4-algoritmos\StackFactory.java. Using fallback presentation compiler.
2026.02.27 08:53:58 INFO  no build target found for C:\Users\joses\OneDrive\Desktop\estructura de datos\Hoja de trabajo 4\Hoja-de-trabajo-4-algoritmos\StackFactory.java. Using fallback presentation compiler.
